<?xml version="1.0" encoding="UTF-8"?>
<!-- Generated by org.testng.reporters.JUnitReportReporter -->
<testsuite hostname="AYUSH" failures="0" tests="8" name="com.courses.tests.SearchCoursesTest" time="16.743" errors="0" timestamp="29 Jun 2021 03:13:29 GMT" skipped="0">
  <testcase classname="com.courses.tests.SearchCoursesTest" name="verifySearchTest" time="3.363"/>
  <testcase classname="com.courses.tests.SearchCoursesTest" name="verifyWebDevelopmentPageTitle" time="1.009"/>
  <testcase classname="com.courses.tests.SearchCoursesTest" name="filtercoursesByLevel" time="0.819"/>
  <testcase classname="com.courses.tests.SearchCoursesTest" name="filtercoursesByLang" time="3.973"/>
  <testcase classname="com.courses.tests.SearchCoursesTest" name="filtercourseSecond" time="1.651"/>
  <testcase classname="com.courses.tests.SearchCoursesTest" name="verifyCourseraPageTitleTest" time="0.070"/>
  <testcase classname="com.courses.tests.SearchCoursesTest" name="filtercourseFirst" time="5.230"/>
  <testcase classname="com.courses.tests.SearchCoursesTest" name="writeCourseDetailsExcel" time="0.628"/>
</testsuite> <!-- com.courses.tests.SearchCoursesTest -->
