<?xml version="1.0" encoding="UTF-8"?>
<!-- Generated by org.testng.reporters.JUnitReportReporter -->
<testsuite hostname="Lappy" failures="0" tests="5" name="com.courses.tests.HomePageTest" time="14.543" errors="0" timestamp="24 Jun 2021 06:39:49 GMT" skipped="0">
  <testcase classname="com.courses.tests.HomePageTest" name="verifyCourseraPageTitleTest" time="0.062"/>
  <testcase classname="com.courses.tests.HomePageTest" name="verifySearchTest" time="3.661"/>
  <testcase classname="com.courses.tests.HomePageTest" name="verifySearchPageTitleTest" time="0.116"/>
  <testcase classname="com.courses.tests.HomePageTest" name="langFilter" time="5.464"/>
  <testcase classname="com.courses.tests.HomePageTest" name="levelFilter" time="5.240"/>
</testsuite> <!-- com.courses.tests.HomePageTest -->
