<?xml version="1.0" encoding="UTF-8"?>
<!-- Generated by org.testng.reporters.JUnitReportReporter -->
<testsuite hostname="Lappy" failures="0" tests="1" name="com.courses.tests.ReadyToTransform" time="5.640" errors="0" timestamp="23 Jun 2021 09:21:46 GMT" skipped="0">
  <testcase classname="com.courses.tests.ReadyToTransform" name="setUp" time="5.640"/>
</testsuite> <!-- com.courses.tests.ReadyToTransform -->
