<?xml version="1.0" encoding="UTF-8"?>
<!-- Generated by org.testng.reporters.JUnitReportReporter -->
<testsuite hostname="AYUSH" failures="0" tests="6" name="com.courses.tests.ForEnterpriseTest" time="158.496" errors="0" timestamp="29 Jun 2021 03:13:29 GMT" skipped="0">
  <testcase classname="com.courses.tests.ForEnterpriseTest" name="verifyFormForValidData" time="27.485"/>
  <testcase classname="com.courses.tests.ForEnterpriseTest" name="verifyFormForValidData" time="28.238"/>
  <testcase classname="com.courses.tests.ForEnterpriseTest" name="verifyFormForInvalidData" time="24.193"/>
  <testcase classname="com.courses.tests.ForEnterpriseTest" name="verifyFormForInvalidData" time="25.950"/>
  <testcase classname="com.courses.tests.ForEnterpriseTest" name="verifyFormForEmptyData" time="25.151"/>
  <testcase classname="com.courses.tests.ForEnterpriseTest" name="verifyFormForEmptyData" time="27.479"/>
</testsuite> <!-- com.courses.tests.ForEnterpriseTest -->
