<?xml version="1.0" encoding="UTF-8"?>
<!-- Generated by org.testng.reporters.JUnitReportReporter -->
<testsuite hostname="AYUSH" failures="0" tests="4" name="com.courses.tests.LanguageLearningTest" time="11.173" errors="0" timestamp="29 Jun 2021 03:13:29 GMT" skipped="0">
  <testcase classname="com.courses.tests.LanguageLearningTest" name="verifySearchFunctionality" time="2.912"/>
  <testcase classname="com.courses.tests.LanguageLearningTest" name="getLevelsCoursesCount" time="0.448"/>
  <testcase classname="com.courses.tests.LanguageLearningTest" name="verifyLanguageLearningPageTitle" time="0.473"/>
  <testcase classname="com.courses.tests.LanguageLearningTest" name="getLanguageCoursesCount" time="7.340"/>
</testsuite> <!-- com.courses.tests.LanguageLearningTest -->
